<?xml version="1.0" encoding="UTF-8"?>
<!-- Generated by org.testng.reporters.JUnitReportReporter -->
<testsuite hostname="LAPTOP-4OFRI5EK" failures="0" tests="2" name="com.qa.tests.ProductTests" time="32.021" errors="0" timestamp="12 Aug 2020 13:00:35 GMT" skipped="0">
  <testcase classname="com.qa.tests.ProductTests" name="validateProductOnProductsPage" time="14.011"/>
  <testcase classname="com.qa.tests.ProductTests" name="validateProductOnProductDetailsPage" time="18.010"/>
</testsuite> <!-- com.qa.tests.ProductTests -->
